SF:lib/core/network/network_info.dart
DA:10,1
DA:12,1
DA:13,2
LF:3
LH:3
end_of_record
SF:lib/features/todo/data/datasources/hive_todo_local_datasource.dart
DA:10,1
DA:12,0
DA:14,0
DA:18,1
DA:19,2
DA:20,1
DA:21,1
DA:22,1
DA:23,1
DA:25,1
DA:26,8
DA:30,1
DA:31,1
DA:32,1
DA:33,1
DA:34,1
DA:36,3
DA:37,3
DA:38,6
DA:40,4
LF:20
LH:18
end_of_record
SF:lib/features/todo/data/models/todo_model.dart
DA:4,5
DA:8,2
DA:10,2
DA:11,2
DA:12,2
DA:13,2
DA:14,2
DA:18,1
DA:19,1
DA:20,1
DA:21,1
DA:22,1
DA:26,1
DA:27,1
DA:28,1
DA:29,1
DA:30,1
LF:17
LH:17
end_of_record
SF:lib/features/todo/data/tables/todo_table.dart
DA:21,2
DA:25,1
DA:27,0
DA:28,0
LF:4
LH:2
end_of_record
SF:lib/features/todo/data/tables/todo_table.g.dart
DA:13,0
DA:15,0
DA:16,0
DA:17,0
DA:19,0
DA:20,0
DA:21,0
DA:22,0
DA:26,0
DA:29,0
DA:30,0
DA:31,0
DA:32,0
DA:33,0
DA:34,0
DA:35,0
DA:38,0
DA:39,0
DA:41,0
DA:44,0
LF:20
LH:0
end_of_record
SF:lib/core/error/failures.dart
DA:5,1
DA:6,1
DA:10,1
DA:11,1
DA:12,1
DA:14,1
LF:6
LH:6
end_of_record
SF:lib/features/todo/presentation/pages/todos/bloc/todos_event.dart
DA:4,1
DA:6,0
DA:7,0
LF:3
LH:1
end_of_record
SF:lib/features/todo/presentation/pages/todos/bloc/todos_state.dart
DA:3,10
DA:10,11
DA:16,1
DA:21,1
DA:22,1
DA:23,1
DA:28,1
DA:29,4
LF:8
LH:8
end_of_record
SF:lib/features/todo/presentation/pages/todos/bloc/todos_bloc.dart
DA:19,2
DA:20,2
DA:21,2
DA:26,1
DA:27,1
DA:28,3
DA:29,2
DA:31,1
DA:32,1
DA:38,1
DA:43,1
DA:44,4
DA:46,4
LF:13
LH:13
end_of_record
SF:lib/core/usecases/use_case_interface.dart
DA:10,1
DA:11,1
LF:2
LH:2
end_of_record
SF:lib/features/todo/domain/entities/todo.dart
DA:8,10
DA:14,7
DA:15,28
LF:3
LH:3
end_of_record
SF:lib/features/todo/data/repositories/todo_repository.dart
DA:15,1
DA:21,1
DA:23,2
DA:27,1
DA:28,3
DA:31,3
DA:32,3
DA:34,1
DA:35,1
DA:38,1
DA:42,1
DA:44,2
DA:47,0
DA:50,0
DA:53,0
DA:56,0
LF:16
LH:12
end_of_record
SF:lib/features/todo/domain/usecases/get_todos_usecase.dart
DA:8,1
DA:10,1
DA:12,2
LF:3
LH:3
end_of_record
SF:lib/features/todo/domain/usecases/refresh_todos_usecase.dart
DA:8,1
DA:10,1
DA:12,2
LF:3
LH:3
end_of_record
SF:lib/core/api/todo_api.dart
DA:10,2
LF:1
LH:1
end_of_record
SF:lib/core/api/todo_api.chopper.dart
DA:11,1
DA:13,1
DA:19,1
DA:22,3
DA:23,2
LF:5
LH:5
end_of_record
SF:lib/features/todo/data/datasources/chopper_todo_remote_datasource.dart
DA:11,1
DA:14,1
DA:15,3
DA:16,2
DA:17,3
DA:19,4
DA:20,2
DA:22,1
LF:8
LH:8
end_of_record
SF:lib/features/todo/domain/usecases/save_todo_usecase.dart
DA:9,1
DA:11,1
DA:13,3
DA:20,3
DA:22,1
DA:23,2
LF:6
LH:6
end_of_record
SF:lib/features/todo/presentation/pages/edit/bloc/todo_edit_state.dart
DA:4,1
DA:6,1
DA:7,2
DA:13,1
DA:20,1
DA:22,0
DA:25,1
DA:26,2
DA:32,1
DA:34,1
DA:35,2
DA:43,0
DA:45,0
DA:46,0
LF:14
LH:10
end_of_record
SF:lib/features/todo/presentation/pages/edit/bloc/todo_edit_event.dart
DA:4,1
DA:10,1
DA:12,0
DA:13,0
DA:19,1
DA:21,0
DA:22,0
LF:7
LH:3
end_of_record
SF:lib/features/todo/presentation/pages/edit/bloc/todo_edit_bloc.dart
DA:12,3
DA:13,2
DA:14,2
DA:17,1
DA:18,1
DA:19,3
DA:21,2
DA:25,1
DA:26,3
DA:27,5
DA:28,2
LF:11
LH:11
end_of_record
