SF:lib/features/todo/data/models/todo_model.dart
DA:4,3
DA:8,1
DA:10,1
DA:11,1
DA:12,1
DA:13,1
DA:14,1
DA:18,1
DA:19,1
DA:20,1
DA:21,1
DA:22,1
LF:12
LH:12
end_of_record
SF:lib/features/todo/domain/entities/todo.dart
DA:8,5
DA:14,1
DA:15,4
LF:3
LH:3
end_of_record
SF:lib/core/error/failures.dart
DA:4,0
DA:5,0
LF:2
LH:0
end_of_record
SF:lib/features/todo/data/repositories/todo_repository.dart
DA:14,1
DA:20,0
DA:23,0
DA:26,0
DA:29,0
DA:33,1
DA:34,3
DA:35,3
DA:36,3
DA:37,1
DA:40,0
DA:43,0
LF:12
LH:6
end_of_record
SF:lib/features/todo/domain/usecases/add_todo.dart
DA:11,1
DA:14,1
DA:15,3
DA:22,1
DA:24,0
DA:25,0
LF:6
LH:4
end_of_record
SF:lib/core/usecases/use_case_interface.dart
DA:10,0
DA:11,0
LF:2
LH:0
end_of_record
SF:lib/features/todo/domain/usecases/get_todos.dart
DA:10,1
DA:13,1
DA:14,2
LF:3
LH:3
end_of_record
